2019-10-07 09:28:59,742    : -----Naukri.qa.py Script Run Begin-----
2019-10-07 09:28:59,743    : Chrome installation/driver not found
2019-10-07 09:28:59,743    : Error : <class 'AttributeError'> : 'NoneType' object has no attribute 'close' at Line 122.
2019-10-07 09:28:59,743    : Error quitting: <class 'AttributeError'> : 'NoneType' object has no attribute 'quit' at Line 131.
2019-10-07 09:28:59,743    : -----Naukri.qa.py Script Run Ended-----

2020-09-13 04:29:27,682    : -----Naukri.py Script Run Begin-----
2020-09-13 04:29:27,922    : Current google-chrome version is 85.0.4183
2020-09-13 04:29:27,923    : Get LATEST driver version for 85.0.4183
2020-09-13 04:29:32,499    : Get LATEST driver version for 85.0.4183
2020-09-13 04:29:33,394    : Trying to download new driver from http://chromedriver.storage.googleapis.com/85.0.4183.87/chromedriver_win32.zip
2020-09-13 04:29:46,785    : Driver has been saved in cache [C:\Users\91984\.wdm\drivers\chromedriver\win32\85.0.4183.87]
2020-09-13 04:29:52,066    : Google Chrome Launched!
2020-09-13 04:30:10,144    : Website Loaded Successfully.
2020-09-13 04:30:26,906    : Timed out. Element not found: //*[text() = 'SKIP AND CONTINUE']
2020-09-13 04:31:20,388    : Timed out. Element not found: search-jobs
2020-09-13 04:31:20,515    : Driver Closed Successfully
2020-09-13 04:31:23,848    : Driver Quit Successfully
2020-09-13 04:31:23,850    : -----Naukri.py Script Run Ended-----

2020-09-13 04:33:18,800    : -----Naukri.py Script Run Begin-----
2020-09-13 04:33:19,180    : Current google-chrome version is 85.0.4183
2020-09-13 04:33:19,181    : Get LATEST driver version for 85.0.4183
2020-09-13 04:33:20,102    : Driver [C:\Users\91984\.wdm\drivers\chromedriver\win32\85.0.4183.87\chromedriver.exe] found in cache
2020-09-13 04:33:23,476    : Google Chrome Launched!
2020-09-13 04:33:38,441    : Website Loaded Successfully.
2020-09-13 04:33:54,877    : Timed out. Element not found: //*[text() = 'SKIP AND CONTINUE']
2020-09-13 04:34:45,067    : Timed out. Element not found: search-jobs
2020-09-13 04:34:45,070    : Unknown Login Error
2020-09-13 04:35:29,347    : -----Naukri.py Script Run Begin-----
2020-09-13 04:35:29,417    : Current google-chrome version is 85.0.4183
2020-09-13 04:35:29,420    : Get LATEST driver version for 85.0.4183
2020-09-13 04:35:29,951    : Driver [C:\Users\91984\.wdm\drivers\chromedriver\win32\85.0.4183.87\chromedriver.exe] found in cache
2020-09-13 04:35:33,593    : Google Chrome Launched!
2020-09-13 04:35:37,112    : Website Loaded Successfully.
2020-09-13 04:35:49,968    : Naukri Login Successful
2020-09-13 04:35:51,590    : Profile Update Successful
2020-09-13 04:35:59,332    : Resume Document Upload failed
2020-09-13 04:36:04,455    : Timed out. Element not found: //button[@type='button']
2020-09-13 04:36:10,885    : Driver Closed Successfully
2020-09-13 04:36:13,576    : Driver Quit Successfully
2020-09-13 04:36:13,584    : -----Naukri.py Script Run Ended-----

2020-09-13 04:36:40,313    : -----Naukri.py Script Run Begin-----
2020-09-13 04:36:40,433    : Current google-chrome version is 85.0.4183
2020-09-13 04:36:40,439    : Get LATEST driver version for 85.0.4183
2020-09-13 04:36:40,693    : Driver [C:\Users\91984\.wdm\drivers\chromedriver\win32\85.0.4183.87\chromedriver.exe] found in cache
2020-09-13 04:36:44,365    : Google Chrome Launched!
2020-09-13 04:36:48,258    : Website Loaded Successfully.
2020-09-13 04:37:09,480    : Timed out. Element not found: //*[text() = 'SKIP AND CONTINUE']
2020-09-13 04:37:09,515    : Naukri Login Successful
2020-09-13 04:37:11,273    : Profile Update Successful
2020-09-13 04:38:58,242    : Resume Document Upload failed
2020-09-13 04:39:03,350    : Timed out. Element not found: //button[@type='button']
2020-09-13 04:39:09,553    : Driver Closed Successfully
2020-09-13 04:39:11,714    : Driver Quit Successfully
2020-09-13 04:39:11,723    : -----Naukri.py Script Run Ended-----

2020-09-13 04:46:25,104    : -----Naukri.py Script Run Begin-----
2020-09-13 04:46:25,222    : Current google-chrome version is 85.0.4183
2020-09-13 04:46:25,226    : Get LATEST driver version for 85.0.4183
2020-09-13 04:46:25,420    : Driver [C:\Users\91984\.wdm\drivers\chromedriver\win32\85.0.4183.87\chromedriver.exe] found in cache
2020-09-13 04:46:29,905    : Google Chrome Launched!
2020-09-13 04:46:34,281    : Website Loaded Successfully.
2020-09-13 04:46:54,509    : Timed out. Element not found: //*[text() = 'SKIP AND CONTINUE']
2020-09-13 04:46:54,537    : Naukri Login Successful
2020-09-13 04:46:56,045    : Profile Update Successful
2020-09-13 04:47:07,175    : Timed out. Element not found: //button[@type='button']
2020-09-13 04:47:07,182    : <class 'NameError'> : name 'CheckPointID' is not defined at Line 355.
2020-09-13 04:47:13,570    : Driver Closed Successfully
2020-09-13 04:47:15,689    : Driver Quit Successfully
2020-09-13 04:47:15,695    : -----Naukri.py Script Run Ended-----

2020-09-13 04:47:38,149    : -----Naukri.py Script Run Begin-----
2020-09-13 04:47:38,267    : Current google-chrome version is 85.0.4183
2020-09-13 04:47:38,271    : Get LATEST driver version for 85.0.4183
2020-09-13 04:47:38,346    : Driver [C:\Users\91984\.wdm\drivers\chromedriver\win32\85.0.4183.87\chromedriver.exe] found in cache
2020-09-13 04:47:41,516    : Google Chrome Launched!
2020-09-13 04:47:46,123    : Website Loaded Successfully.
2020-09-13 04:48:07,482    : Timed out. Element not found: //*[text() = 'SKIP AND CONTINUE']
2020-09-13 04:48:07,510    : Naukri Login Successful
2020-09-13 04:48:09,109    : Profile Update Successful
2020-09-13 04:48:20,737    : Timed out. Element not found: //button[@type='button']
2020-09-13 04:48:20,776    : <class 'NameError'> : name 'datetime' is not defined at Line 359.
2020-09-13 04:48:27,165    : Driver Closed Successfully
2020-09-13 04:48:30,091    : Driver Quit Successfully
2020-09-13 04:48:30,115    : -----Naukri.py Script Run Ended-----

2020-09-13 04:48:45,874    : -----Naukri.py Script Run Begin-----
2020-09-13 04:48:46,620    : Current google-chrome version is 85.0.4183
2020-09-13 04:48:46,622    : Get LATEST driver version for 85.0.4183
2020-09-13 04:48:46,759    : Driver [C:\Users\91984\.wdm\drivers\chromedriver\win32\85.0.4183.87\chromedriver.exe] found in cache
2020-09-13 04:48:50,933    : Google Chrome Launched!
2020-09-13 04:48:56,398    : Website Loaded Successfully.
2020-09-13 04:49:18,506    : Timed out. Element not found: //*[text() = 'SKIP AND CONTINUE']
2020-09-13 04:49:18,531    : Naukri Login Successful
2020-09-13 04:49:20,076    : Profile Update Successful
2020-09-13 04:49:31,167    : Timed out. Element not found: //button[@type='button']
2020-09-13 04:49:31,209    : Resume Document Upload Successful. Last Updated date = Uploaded on Sep 13, 2020
2020-09-13 04:49:37,592    : Driver Closed Successfully
2020-09-13 04:49:39,742    : Driver Quit Successfully
2020-09-13 04:49:39,750    : -----Naukri.py Script Run Ended-----

2020-09-13 04:50:03,206    : -----Naukri.py Script Run Begin-----
2020-09-13 04:50:03,326    : Current google-chrome version is 85.0.4183
2020-09-13 04:50:03,332    : Get LATEST driver version for 85.0.4183
2020-09-13 04:50:03,534    : Driver [C:\Users\91984\.wdm\drivers\chromedriver\win32\85.0.4183.87\chromedriver.exe] found in cache
2020-09-13 04:50:06,966    : Google Chrome Launched!
2020-09-13 04:50:11,448    : Website Loaded Successfully.
2020-09-13 04:50:33,089    : Timed out. Element not found: //*[text() = 'SKIP AND CONTINUE']
2020-09-13 04:50:33,115    : Naukri Login Successful
2020-09-13 04:50:34,746    : Profile Update Successful
2020-09-13 04:50:46,628    : Timed out. Element not found: //button[@type='button']
2020-09-13 04:50:46,667    : Resume Document Upload Successful. Last Updated date = Uploaded on Sep 13, 2020
2020-09-13 04:50:53,064    : Driver Closed Successfully
2020-09-13 04:50:55,440    : Driver Quit Successfully
2020-09-13 04:50:55,448    : -----Naukri.py Script Run Ended-----

